TN:
SF:src\config\multer.js
FN:16,destination
FN:17,filename
FN:24,fileFilter
FNF:3
FNH:0
FNDA:0,destination
FNDA:0,filename
FNDA:0,fileFilter
DA:1,6
DA:2,6
DA:3,6
DA:4,6
DA:5,6
DA:6,6
DA:7,6
DA:8,6
DA:9,6
DA:10,6
DA:11,6
DA:12,0
DA:13,0
DA:14,6
DA:15,6
DA:16,6
DA:17,6
DA:18,0
DA:19,0
DA:20,0
DA:21,6
DA:22,6
DA:23,6
DA:24,6
DA:25,0
DA:26,0
DA:27,0
DA:28,0
DA:29,0
DA:30,0
DA:31,0
DA:32,6
DA:33,6
DA:34,6
DA:35,6
DA:36,6
DA:37,6
DA:38,6
DA:39,6
DA:40,6
LF:40
LH:28
BRDA:1,0,0,6
BRDA:11,1,0,0
BRF:2
BRH:1
end_of_record
TN:
SF:src\controllers\authController.js
FN:5,generarToken
FN:11,login
FN:55,obtenerPerfil
FNF:3
FNH:3
FNDA:4,generarToken
FNDA:9,login
FNDA:1,obtenerPerfil
DA:1,6
DA:2,6
DA:3,6
DA:4,6
DA:5,6
DA:6,4
DA:7,4
DA:8,4
DA:9,6
DA:10,6
DA:11,6
DA:12,9
DA:13,9
DA:14,9
DA:15,2
DA:16,2
DA:17,7
DA:18,7
DA:19,7
DA:20,7
DA:21,7
DA:22,9
DA:23,1
DA:24,1
DA:25,6
DA:26,6
DA:27,9
DA:28,1
DA:29,1
DA:30,5
DA:31,5
DA:32,5
DA:33,9
DA:34,1
DA:35,1
DA:36,4
DA:37,4
DA:38,4
DA:39,4
DA:40,4
DA:41,4
DA:42,4
DA:43,4
DA:44,4
DA:45,4
DA:46,4
DA:47,4
DA:48,4
DA:49,4
DA:50,9
DA:51,0
DA:52,0
DA:53,6
DA:54,6
DA:55,6
DA:56,1
DA:57,1
DA:58,1
DA:59,1
DA:60,0
DA:61,0
DA:62,1
DA:63,1
DA:64,0
DA:65,0
DA:66,6
DA:67,6
DA:68,6
DA:69,6
DA:70,6
DA:71,6
LF:71
LH:65
BRDA:1,0,0,6
BRDA:5,1,0,4
BRDA:11,2,0,9
BRDA:14,3,0,2
BRDA:17,4,0,7
BRDA:22,5,0,1
BRDA:25,6,0,6
BRDA:27,7,0,1
BRDA:30,8,0,5
BRDA:33,9,0,1
BRDA:36,10,0,4
BRDA:50,11,0,0
BRDA:55,12,0,1
BRDA:59,13,0,0
BRDA:63,14,0,0
BRF:15
BRH:12
end_of_record
TN:
SF:src\controllers\clienteController.js
FN:5,obtenerClientes
FN:28,crearCliente
FN:45,actualizarCliente
FNF:3
FNH:3
FNDA:2,obtenerClientes
FNDA:3,crearCliente
FNDA:2,actualizarCliente
DA:1,6
DA:2,6
DA:3,6
DA:4,6
DA:5,6
DA:6,2
DA:7,2
DA:8,2
DA:9,2
DA:10,2
DA:11,1
DA:12,1
DA:13,1
DA:14,1
DA:15,1
DA:16,1
DA:17,1
DA:18,1
DA:19,2
DA:20,2
DA:21,2
DA:22,2
DA:23,0
DA:24,0
DA:25,6
DA:26,6
DA:27,6
DA:28,6
DA:29,3
DA:30,3
DA:31,3
DA:32,1
DA:33,1
DA:34,2
DA:35,2
DA:36,2
DA:37,1
DA:38,1
DA:39,1
DA:40,1
DA:41,1
DA:42,6
DA:43,6
DA:44,6
DA:45,6
DA:46,2
DA:47,2
DA:48,2
DA:49,0
DA:50,0
DA:51,2
DA:52,2
DA:53,2
DA:54,2
DA:55,2
DA:56,2
DA:57,2
DA:58,2
DA:59,1
DA:60,1
DA:61,1
DA:62,1
DA:63,2
DA:64,0
DA:65,0
DA:66,6
DA:67,6
DA:68,6
LF:68
LH:62
BRDA:1,0,0,6
BRDA:5,1,0,2
BRDA:10,2,0,1
BRDA:22,3,0,0
BRDA:28,4,0,3
BRDA:31,5,0,1
BRDA:34,6,0,2
BRDA:37,7,0,1
BRDA:45,8,0,2
BRDA:48,9,0,0
BRDA:58,10,0,1
BRDA:63,11,0,0
BRF:12
BRH:9
end_of_record
TN:
SF:src\controllers\productoController.js
FN:9,deleteImageFile
FN:19,listarProductos
FN:42,crearProducto
FN:65,editarProducto
FN:102,toggleActivo
FN:123,eliminarProducto
FNF:6
FNH:6
FNDA:1,deleteImageFile
FNDA:3,listarProductos
FNDA:3,crearProducto
FNDA:2,editarProducto
FNDA:2,toggleActivo
FNDA:1,eliminarProducto
DA:1,6
DA:2,6
DA:3,6
DA:4,6
DA:5,6
DA:6,6
DA:7,6
DA:8,6
DA:9,6
DA:10,1
DA:11,0
DA:12,0
DA:13,0
DA:14,0
DA:15,6
DA:16,6
DA:17,6
DA:18,6
DA:19,6
DA:20,3
DA:21,3
DA:22,3
DA:23,3
DA:24,3
DA:25,1
DA:26,3
DA:27,2
DA:28,2
DA:29,3
DA:30,3
DA:31,1
DA:32,1
DA:33,3
DA:34,3
DA:35,3
DA:36,3
DA:37,0
DA:38,0
DA:39,6
DA:40,6
DA:41,6
DA:42,6
DA:43,3
DA:44,3
DA:45,3
DA:46,2
DA:47,2
DA:48,2
DA:49,2
DA:50,1
DA:51,1
DA:52,3
DA:53,3
DA:54,3
DA:55,3
DA:56,1
DA:57,1
DA:58,3
DA:59,0
DA:60,0
DA:61,0
DA:62,6
DA:63,6
DA:64,6
DA:65,6
DA:66,2
DA:67,2
DA:68,2
DA:69,0
DA:70,0
DA:71,0
DA:72,2
DA:73,2
DA:74,2
DA:75,1
DA:76,1
DA:77,1
DA:78,1
DA:79,1
DA:80,1
DA:81,1
DA:82,1
DA:83,2
DA:84,0
DA:85,0
DA:86,0
DA:87,1
DA:88,1
DA:89,1
DA:90,1
DA:91,1
DA:92,1
DA:93,1
DA:94,1
DA:95,2
DA:96,0
DA:97,0
DA:98,0
DA:99,6
DA:100,6
DA:101,6
DA:102,6
DA:103,2
DA:104,2
DA:105,2
DA:106,0
DA:107,0
DA:108,2
DA:109,2
DA:110,2
DA:111,2
DA:112,2
DA:113,2
DA:114,2
DA:115,2
DA:116,2
DA:117,2
DA:118,0
DA:119,0
DA:120,6
DA:121,6
DA:122,6
DA:123,6
DA:124,1
DA:125,1
DA:126,1
DA:127,0
DA:128,0
DA:129,1
DA:130,1
DA:131,1
DA:132,1
DA:133,1
DA:134,1
DA:135,1
DA:136,0
DA:137,0
DA:138,6
DA:139,6
DA:140,6
LF:140
LH:114
BRDA:1,0,0,6
BRDA:9,1,0,1
BRDA:11,2,0,0
BRDA:19,3,0,3
BRDA:24,4,0,1
BRDA:26,5,0,2
BRDA:27,6,0,0
BRDA:30,7,0,1
BRDA:30,8,0,1
BRDA:36,9,0,0
BRDA:42,10,0,3
BRDA:45,11,0,2
BRDA:47,12,0,0
BRDA:50,13,0,1
BRDA:52,14,0,0
BRDA:52,15,0,1
BRDA:56,16,0,1
BRDA:58,17,0,0
BRDA:65,18,0,2
BRDA:68,19,0,0
BRDA:74,20,0,1
BRDA:75,21,0,0
BRDA:83,22,0,0
BRDA:87,23,0,1
BRDA:95,24,0,0
BRDA:102,25,0,2
BRDA:105,26,0,0
BRDA:114,27,0,1
BRDA:114,28,0,1
BRDA:117,29,0,0
BRDA:123,30,0,1
BRDA:126,31,0,0
BRDA:135,32,0,0
BRF:33
BRH:19
end_of_record
TN:
SF:src\controllers\reporteController.js
FN:9,getDashboardStats
FN:67,getSalesTrend
FN:92,getSalesByCategory
FN:122,getSalesByUser
FN:153,getTodaySalesDetailed
FNF:5
FNH:4
FNDA:1,getDashboardStats
FNDA:1,getSalesTrend
FNDA:1,getSalesByCategory
FNDA:1,getSalesByUser
FNDA:0,getTodaySalesDetailed
DA:1,6
DA:2,6
DA:3,6
DA:4,6
DA:5,6
DA:6,6
DA:7,6
DA:8,6
DA:9,6
DA:10,1
DA:11,1
DA:12,1
DA:13,1
DA:14,1
DA:15,1
DA:16,1
DA:17,1
DA:18,1
DA:19,1
DA:20,1
DA:21,1
DA:22,1
DA:23,1
DA:24,1
DA:25,1
DA:26,1
DA:27,1
DA:28,1
DA:29,1
DA:30,1
DA:31,1
DA:32,1
DA:33,1
DA:34,1
DA:35,1
DA:36,1
DA:37,1
DA:38,1
DA:39,1
DA:40,1
DA:41,1
DA:42,1
DA:43,1
DA:44,1
DA:45,1
DA:46,1
DA:47,1
DA:48,1
DA:49,1
DA:50,1
DA:51,1
DA:52,1
DA:53,1
DA:54,1
DA:55,1
DA:56,1
DA:57,1
DA:58,1
DA:59,1
DA:60,1
DA:61,1
DA:62,0
DA:63,0
DA:64,6
DA:65,6
DA:66,6
DA:67,6
DA:68,1
DA:69,1
DA:70,1
DA:71,1
DA:72,1
DA:73,1
DA:74,1
DA:75,1
DA:76,1
DA:77,1
DA:78,1
DA:79,1
DA:80,1
DA:81,1
DA:82,1
DA:83,1
DA:84,1
DA:85,1
DA:86,1
DA:87,0
DA:88,0
DA:89,6
DA:90,6
DA:91,6
DA:92,6
DA:93,1
DA:94,1
DA:95,1
DA:96,1
DA:97,1
DA:98,1
DA:99,1
DA:100,1
DA:101,1
DA:102,1
DA:103,1
DA:104,1
DA:105,1
DA:106,1
DA:107,1
DA:108,1
DA:109,1
DA:110,1
DA:111,1
DA:112,1
DA:113,1
DA:114,1
DA:115,1
DA:116,1
DA:117,0
DA:118,0
DA:119,6
DA:120,6
DA:121,6
DA:122,6
DA:123,1
DA:124,1
DA:125,1
DA:126,1
DA:127,1
DA:128,1
DA:129,1
DA:130,1
DA:131,1
DA:132,1
DA:133,1
DA:134,1
DA:135,1
DA:136,1
DA:137,1
DA:138,1
DA:139,1
DA:140,1
DA:141,1
DA:142,1
DA:143,1
DA:144,1
DA:145,1
DA:146,1
DA:147,1
DA:148,0
DA:149,0
DA:150,6
DA:151,6
DA:152,6
DA:153,6
DA:154,0
DA:155,0
DA:156,0
DA:157,0
DA:158,0
DA:159,0
DA:160,0
DA:161,0
DA:162,0
DA:163,0
DA:164,0
DA:165,0
DA:166,0
DA:167,0
DA:168,0
DA:169,0
DA:170,0
DA:171,0
DA:172,0
DA:173,6
DA:174,6
DA:175,6
DA:176,6
DA:177,6
DA:178,6
DA:179,6
DA:180,6
DA:181,6
LF:181
LH:154
BRDA:1,0,0,6
BRDA:9,1,0,1
BRDA:49,2,0,0
BRDA:50,3,0,0
BRDA:53,4,0,0
BRDA:54,5,0,0
BRDA:61,6,0,0
BRDA:67,7,0,1
BRDA:86,8,0,0
BRDA:92,9,0,1
BRDA:116,10,0,0
BRDA:122,11,0,1
BRDA:147,12,0,0
BRF:13
BRH:5
end_of_record
TN:
SF:src\controllers\usuarioController.js
FN:4,getUsuarios
FN:14,crearUsuario
FN:38,actualizarUsuario
FN:73,eliminarUsuario
FNF:4
FNH:4
FNDA:1,getUsuarios
FNDA:2,crearUsuario
FNDA:1,actualizarUsuario
FNDA:2,eliminarUsuario
DA:1,6
DA:2,6
DA:3,6
DA:4,6
DA:5,1
DA:6,1
DA:7,1
DA:8,1
DA:9,0
DA:10,0
DA:11,6
DA:12,6
DA:13,6
DA:14,6
DA:15,2
DA:16,2
DA:17,2
DA:18,2
DA:19,2
DA:20,1
DA:21,1
DA:22,1
DA:23,1
DA:24,1
DA:25,1
DA:26,1
DA:27,1
DA:28,1
DA:29,1
DA:30,1
DA:31,1
DA:32,2
DA:33,0
DA:34,0
DA:35,6
DA:36,6
DA:37,6
DA:38,6
DA:39,1
DA:40,1
DA:41,1
DA:42,1
DA:43,1
DA:44,0
DA:45,0
DA:46,1
DA:47,1
DA:48,1
DA:49,0
DA:50,0
DA:51,0
DA:52,0
DA:53,0
DA:54,1
DA:55,1
DA:56,1
DA:57,1
DA:58,1
DA:59,1
DA:60,1
DA:61,1
DA:62,1
DA:63,1
DA:64,1
DA:65,1
DA:66,1
DA:67,1
DA:68,0
DA:69,0
DA:70,6
DA:71,6
DA:72,6
DA:73,6
DA:74,2
DA:75,2
DA:76,2
DA:77,2
DA:78,0
DA:79,0
DA:80,2
DA:81,2
DA:82,2
DA:83,1
DA:84,1
DA:85,1
DA:86,1
DA:87,1
DA:88,1
DA:89,1
DA:90,1
DA:91,2
DA:92,0
DA:93,0
DA:94,6
DA:95,6
DA:96,6
DA:97,6
DA:98,6
DA:99,6
DA:100,6
DA:101,6
LF:101
LH:84
BRDA:1,0,0,6
BRDA:4,1,0,1
BRDA:8,2,0,0
BRDA:14,3,0,2
BRDA:19,4,0,1
BRDA:32,5,0,0
BRDA:38,6,0,1
BRDA:43,7,0,0
BRDA:48,8,0,0
BRDA:48,9,0,0
BRDA:55,10,0,0
BRDA:57,11,0,0
BRDA:58,12,0,0
BRDA:61,13,0,0
BRDA:67,14,0,0
BRDA:73,15,0,2
BRDA:77,16,0,0
BRDA:82,17,0,1
BRDA:91,18,0,0
BRF:19
BRH:7
end_of_record
TN:
SF:src\controllers\ventaController.js
FN:6,calcularPorcentajeDescuento
FN:19,registrarVenta
FN:119,obtenerVenta
FN:137,listarVentas
FNF:4
FNH:4
FNDA:5,calcularPorcentajeDescuento
FNDA:12,registrarVenta
FNDA:3,obtenerVenta
FNDA:1,listarVentas
DA:1,6
DA:2,6
DA:3,6
DA:4,6
DA:5,6
DA:6,6
DA:7,5
DA:8,5
DA:9,5
DA:10,1
DA:11,0
DA:12,6
DA:13,6
DA:14,6
DA:15,6
DA:16,6
DA:17,6
DA:18,6
DA:19,6
DA:20,12
DA:21,12
DA:22,12
DA:23,1
DA:24,1
DA:25,11
DA:26,11
DA:27,11
DA:28,11
DA:29,11
DA:30,11
DA:31,11
DA:32,11
DA:33,11
DA:34,11
DA:35,11
DA:36,11
DA:37,11
DA:38,11
DA:39,11
DA:40,11
DA:41,11
DA:42,11
DA:43,11
DA:44,11
DA:45,2
DA:46,2
DA:47,2
DA:48,2
DA:49,2
DA:50,9
DA:51,11
DA:52,1
DA:53,1
DA:54,1
DA:55,1
DA:56,1
DA:57,8
DA:58,8
DA:59,8
DA:60,8
DA:61,8
DA:62,8
DA:63,8
DA:64,8
DA:65,8
DA:66,8
DA:67,8
DA:68,8
DA:69,8
DA:70,8
DA:71,8
DA:72,8
DA:73,8
DA:74,8
DA:75,8
DA:76,8
DA:77,12
DA:78,5
DA:79,5
DA:80,5
DA:81,5
DA:82,5
DA:83,5
DA:84,5
DA:85,8
DA:86,8
DA:87,8
DA:88,8
DA:89,8
DA:90,8
DA:91,8
DA:92,12
DA:93,12
DA:94,12
DA:95,12
DA:96,12
DA:97,8
DA:98,8
DA:99,8
DA:100,8
DA:101,8
DA:102,8
DA:103,8
DA:104,8
DA:105,8
DA:106,8
DA:107,8
DA:108,12
DA:109,5
DA:110,5
DA:111,8
DA:112,8
DA:113,12
DA:114,0
DA:115,0
DA:116,6
DA:117,6
DA:118,6
DA:119,6
DA:120,3
DA:121,3
DA:122,3
DA:123,3
DA:124,2
DA:125,3
DA:126,1
DA:127,1
DA:128,1
DA:129,1
DA:130,1
DA:131,1
DA:132,1
DA:133,6
DA:134,6
DA:135,6
DA:136,6
DA:137,6
DA:138,1
DA:139,1
DA:140,1
DA:141,1
DA:142,1
DA:143,1
DA:144,1
DA:145,1
DA:146,1
DA:147,0
DA:148,0
DA:149,6
DA:150,6
DA:151,6
LF:151
LH:146
BRDA:1,0,0,6
BRDA:6,1,0,5
BRDA:7,2,0,4
BRDA:7,3,0,1
BRDA:8,4,0,4
BRDA:8,5,0,2
BRDA:9,6,0,1
BRDA:11,7,0,0
BRDA:19,8,0,12
BRDA:22,9,0,1
BRDA:25,10,0,11
BRDA:44,11,0,2
BRDA:50,12,0,9
BRDA:51,13,0,1
BRDA:57,14,0,8
BRDA:69,15,0,8
BRDA:77,16,0,5
BRDA:85,17,0,8
BRDA:92,18,0,0
BRDA:93,19,0,3
BRDA:97,20,0,8
BRDA:108,21,0,5
BRDA:111,22,0,8
BRDA:113,23,0,0
BRDA:29,24,0,11
BRDA:36,25,0,9
BRDA:99,26,0,8
BRDA:119,27,0,3
BRDA:124,28,0,2
BRDA:125,29,0,1
BRDA:137,30,0,1
BRDA:146,31,0,0
BRF:32
BRH:28
end_of_record
TN:
SF:src\middleware\auth.js
FN:3,protect
FNF:1
FNH:1
FNDA:54,protect
DA:1,6
DA:2,6
DA:3,6
DA:4,54
DA:5,54
DA:6,54
DA:7,54
DA:8,51
DA:9,54
DA:10,51
DA:11,51
DA:12,51
DA:13,51
DA:14,51
DA:15,51
DA:16,51
DA:17,1
DA:18,1
DA:19,1
DA:20,51
DA:21,54
DA:22,54
DA:23,3
DA:24,3
DA:25,6
DA:26,6
DA:27,6
LF:27
LH:27
BRDA:1,0,0,6
BRDA:3,1,0,54
BRDA:7,2,0,51
BRDA:9,3,0,51
BRDA:16,4,0,1
BRDA:22,5,0,3
BRF:6
BRH:6
end_of_record
TN:
SF:src\middleware\checkRole.js
FN:7,checkRole
FNF:1
FNH:1
FNDA:48,checkRole
DA:1,7
DA:2,7
DA:3,7
DA:4,7
DA:5,7
DA:6,7
DA:7,7
DA:8,48
DA:9,30
DA:10,1
DA:11,1
DA:12,30
DA:13,6
DA:14,6
DA:15,23
DA:16,48
DA:17,7
DA:18,7
DA:19,7
LF:19
LH:19
BRDA:1,0,0,7
BRDA:7,1,0,48
BRDA:8,2,0,30
BRDA:9,3,0,1
BRDA:12,4,0,29
BRDA:12,5,0,28
BRDA:12,6,0,29
BRDA:12,7,0,6
BRDA:15,8,0,23
BRF:9
BRH:9
end_of_record
TN:
SF:src\middleware\errorHandler.js
FN:5,errorHandler
FNF:1
FNH:1
FNDA:10,errorHandler
DA:1,7
DA:2,7
DA:3,7
DA:4,7
DA:5,7
DA:6,10
DA:7,10
DA:8,10
DA:9,10
DA:10,10
DA:11,10
DA:12,10
DA:13,1
DA:14,1
DA:15,1
DA:16,9
DA:17,9
DA:18,10
DA:19,2
DA:20,2
DA:21,7
DA:22,7
DA:23,9
DA:24,2
DA:25,2
DA:26,2
DA:27,5
DA:28,5
DA:29,8
DA:30,1
DA:31,1
DA:32,4
DA:33,4
DA:34,8
DA:35,0
DA:36,0
DA:37,4
DA:38,4
DA:39,8
DA:40,0
DA:41,0
DA:42,4
DA:43,4
DA:44,8
DA:45,1
DA:46,1
DA:47,3
DA:48,8
DA:49,1
DA:50,1
DA:51,2
DA:52,2
DA:53,2
DA:54,10
DA:55,10
DA:56,10
DA:57,10
DA:58,7
DA:59,7
DA:60,7
LF:60
LH:56
BRDA:1,0,0,7
BRDA:5,1,0,10
BRDA:12,2,0,1
BRDA:16,3,0,9
BRDA:18,4,0,2
BRDA:21,5,0,9
BRDA:21,6,0,7
BRDA:23,7,0,2
BRDA:24,8,0,0
BRDA:24,9,0,0
BRDA:27,10,0,8
BRDA:27,11,0,5
BRDA:29,12,0,1
BRDA:32,13,0,4
BRDA:34,14,0,0
BRDA:37,15,0,4
BRDA:39,16,0,0
BRDA:42,17,0,4
BRDA:44,18,0,1
BRDA:47,19,0,3
BRDA:48,20,0,1
BRDA:51,21,0,2
BRDA:54,22,0,1
BRDA:56,23,0,0
BRDA:56,24,0,2
BRDA:56,25,0,0
BRDA:13,26,0,2
BRF:27
BRH:21
end_of_record
TN:
SF:src\models\Cliente.js
FNF:0
FNH:0
DA:1,6
DA:2,6
DA:3,6
DA:4,6
DA:5,6
DA:6,6
DA:7,6
DA:8,6
DA:9,6
DA:10,6
DA:11,6
DA:12,6
DA:13,6
DA:14,6
DA:15,6
DA:16,6
DA:17,6
DA:18,6
DA:19,6
DA:20,6
DA:21,6
DA:22,6
DA:23,6
DA:24,6
DA:25,6
DA:26,6
DA:27,6
DA:28,6
DA:29,6
DA:30,6
DA:31,6
DA:32,6
DA:33,6
DA:34,6
DA:35,6
DA:36,6
DA:37,6
DA:38,6
LF:38
LH:38
BRDA:1,0,0,6
BRF:1
BRH:1
end_of_record
TN:
SF:src\models\Producto.js
FNF:0
FNH:0
DA:1,7
DA:2,7
DA:3,7
DA:4,7
DA:5,7
DA:6,7
DA:7,7
DA:8,7
DA:9,7
DA:10,7
DA:11,7
DA:12,7
DA:13,7
DA:14,7
DA:15,7
DA:16,7
DA:17,7
DA:18,7
DA:19,7
DA:20,7
DA:21,7
DA:22,7
DA:23,7
DA:24,7
DA:25,7
DA:26,7
DA:27,7
DA:28,7
DA:29,7
DA:30,7
DA:31,7
DA:32,7
DA:33,7
DA:34,7
DA:35,7
DA:36,7
DA:37,7
DA:38,7
DA:39,7
DA:40,7
DA:41,7
DA:42,7
DA:43,7
DA:44,7
DA:45,7
DA:46,7
DA:47,7
DA:48,7
DA:49,7
DA:50,7
DA:51,7
DA:52,7
LF:52
LH:52
BRDA:1,0,0,7
BRF:1
BRH:1
end_of_record
TN:
SF:src\models\Usuario.js
FN:49,UsuarioSchema.methods.matchPassword
FN:54,UsuarioSchema.methods.toJSON
FNF:2
FNH:2
FNDA:5,UsuarioSchema.methods.matchPassword
FNDA:6,UsuarioSchema.methods.toJSON
DA:1,7
DA:2,7
DA:3,7
DA:4,7
DA:5,7
DA:6,7
DA:7,7
DA:8,7
DA:9,7
DA:10,7
DA:11,7
DA:12,7
DA:13,7
DA:14,7
DA:15,7
DA:16,7
DA:17,7
DA:18,7
DA:19,7
DA:20,7
DA:21,7
DA:22,7
DA:23,7
DA:24,7
DA:25,7
DA:26,7
DA:27,7
DA:28,7
DA:29,7
DA:30,7
DA:31,7
DA:32,7
DA:33,7
DA:34,7
DA:35,7
DA:36,7
DA:37,7
DA:38,7
DA:39,7
DA:40,7
DA:41,7
DA:42,7
DA:43,122
DA:44,120
DA:45,120
DA:46,7
DA:47,7
DA:48,7
DA:49,7
DA:50,5
DA:51,7
DA:52,7
DA:53,7
DA:54,7
DA:55,6
DA:56,6
DA:57,6
DA:58,7
DA:59,7
DA:60,7
LF:60
LH:60
BRDA:1,0,0,7
BRDA:42,1,0,122
BRDA:43,2,0,2
BRDA:44,3,0,120
BRDA:49,4,0,5
BRDA:54,5,0,6
BRF:6
BRH:6
end_of_record
TN:
SF:src\models\Venta.js
FN:30,validator
FNF:1
FNH:1
FNDA:9,validator
DA:1,6
DA:2,6
DA:3,6
DA:4,6
DA:5,6
DA:6,6
DA:7,6
DA:8,6
DA:9,6
DA:10,6
DA:11,6
DA:12,6
DA:13,6
DA:14,6
DA:15,6
DA:16,6
DA:17,6
DA:18,6
DA:19,6
DA:20,6
DA:21,6
DA:22,6
DA:23,6
DA:24,6
DA:25,6
DA:26,6
DA:27,6
DA:28,6
DA:29,6
DA:30,6
DA:31,6
DA:32,6
DA:33,6
DA:34,6
DA:35,6
DA:36,6
DA:37,6
DA:38,6
DA:39,6
DA:40,6
DA:41,6
DA:42,6
DA:43,6
DA:44,6
DA:45,6
DA:46,6
DA:47,6
DA:48,6
DA:49,6
DA:50,6
DA:51,6
DA:52,6
DA:53,6
DA:54,6
DA:55,6
DA:56,6
DA:57,6
DA:58,6
DA:59,6
DA:60,6
DA:61,6
DA:62,6
DA:63,6
DA:64,6
DA:65,6
DA:66,6
DA:67,6
DA:68,6
DA:69,6
DA:70,6
DA:71,6
DA:72,6
DA:73,6
DA:74,6
DA:75,6
DA:76,6
DA:77,9
DA:78,9
DA:79,9
DA:80,9
DA:81,6
DA:82,6
DA:83,6
DA:84,6
DA:85,6
DA:86,6
DA:87,6
DA:88,6
DA:89,6
DA:90,6
DA:91,6
LF:91
LH:91
BRDA:1,0,0,6
BRDA:30,1,0,9
BRDA:76,2,0,9
BRF:3
BRH:3
end_of_record
TN:
SF:src\routes\authRoutes.js
FNF:0
FNH:0
DA:1,6
DA:2,6
DA:3,6
DA:4,6
DA:5,6
DA:6,6
DA:7,6
DA:8,6
DA:9,6
DA:10,6
DA:11,6
DA:12,6
DA:13,6
DA:14,6
DA:15,6
DA:16,6
LF:16
LH:16
BRDA:1,0,0,6
BRF:1
BRH:1
end_of_record
TN:
SF:src\routes\clienteRoutes.js
FNF:0
FNH:0
DA:1,6
DA:2,6
DA:3,6
DA:4,6
DA:5,6
DA:6,6
DA:7,6
DA:8,6
DA:9,6
DA:10,6
DA:11,6
DA:12,6
DA:13,6
DA:14,6
DA:15,6
DA:16,6
DA:17,6
LF:17
LH:17
BRDA:1,0,0,6
BRF:1
BRH:1
end_of_record
TN:
SF:src\routes\productoRoutes.js
FN:20,uploadImagen
FNF:1
FNH:1
FNDA:5,uploadImagen
DA:1,6
DA:2,6
DA:3,6
DA:4,6
DA:5,6
DA:6,6
DA:7,6
DA:8,6
DA:9,6
DA:10,6
DA:11,6
DA:12,6
DA:13,6
DA:14,6
DA:15,6
DA:16,6
DA:17,6
DA:18,6
DA:19,6
DA:20,6
DA:21,5
DA:22,5
DA:23,5
DA:24,5
DA:25,6
DA:26,6
DA:27,6
DA:28,6
DA:29,6
DA:30,6
DA:31,6
DA:32,6
DA:33,6
DA:34,6
DA:35,6
DA:36,6
DA:37,6
DA:38,6
DA:39,6
DA:40,6
DA:41,6
DA:42,6
DA:43,6
DA:44,6
DA:45,6
DA:46,6
DA:47,6
DA:48,6
DA:49,6
DA:50,6
DA:51,6
LF:51
LH:51
BRDA:1,0,0,6
BRDA:20,1,0,5
BRDA:21,2,0,5
BRDA:22,3,0,0
BRF:4
BRH:3
end_of_record
TN:
SF:src\routes\reporteRoutes.js
FNF:0
FNH:0
DA:1,6
DA:2,6
DA:3,6
DA:4,6
DA:5,6
DA:6,6
DA:7,6
DA:8,6
DA:9,6
DA:10,6
DA:11,6
DA:12,6
DA:13,6
DA:14,6
DA:15,6
DA:16,6
DA:17,6
DA:18,6
DA:19,6
DA:20,6
DA:21,6
DA:22,6
DA:23,6
DA:24,6
LF:24
LH:24
BRDA:1,0,0,6
BRF:1
BRH:1
end_of_record
TN:
SF:src\routes\usuarioRoutes.js
FNF:0
FNH:0
DA:1,6
DA:2,6
DA:3,6
DA:4,6
DA:5,6
DA:6,6
DA:7,6
DA:8,6
DA:9,6
DA:10,6
DA:11,6
DA:12,6
DA:13,6
DA:14,6
DA:15,6
DA:16,6
DA:17,6
DA:18,6
DA:19,6
DA:20,6
DA:21,6
DA:22,6
DA:23,6
DA:24,6
DA:25,6
LF:25
LH:25
BRDA:1,0,0,6
BRF:1
BRH:1
end_of_record
TN:
SF:src\routes\ventaRoutes.js
FNF:0
FNH:0
DA:1,6
DA:2,6
DA:3,6
DA:4,6
DA:5,6
DA:6,6
DA:7,6
DA:8,6
DA:9,6
DA:10,6
DA:11,6
DA:12,6
DA:13,6
DA:14,6
DA:15,6
DA:16,6
DA:17,6
DA:18,6
DA:19,6
DA:20,6
DA:21,6
DA:22,6
DA:23,6
DA:24,6
LF:24
LH:24
BRDA:1,0,0,6
BRF:1
BRH:1
end_of_record
